<?xml version="1.0" encoding="UTF-8"?>
<!-- Generated by org.testng.reporters.JUnitXMLReporter -->
<testsuite ignored="0" hostname="Jade" failures="9" tests="52" name="All Tests" time="482.094" errors="0" timestamp="2026-06-25T14:47:41 ICT">
  <testcase classname="tests.AdminCustomerTest" name="TC_KH_01" time="2.342"/>
  <testcase classname="tests.AdminCustomerTest" name="TC_KH_02" time="7.353">
    <failure type="java.lang.AssertionError" message="Hệ thống từ chối lưu và hiện lỗi do tên bị rỗng sau khi bị hệ thống tự động cắt bỏ dấu cách thừa. expected [true] but found [false]">
      <![CDATA[java.lang.AssertionError: Hệ thống từ chối lưu và hiện lỗi do tên bị rỗng sau khi bị hệ thống tự động cắt bỏ dấu cách thừa. expected [true] but found [false]
at core.ReportAssert.assertTrue(ReportAssert.java:13)
at tests.AdminCustomerTest.TC_KH_02(AdminCustomerTest.java:58)
at java.base/java.util.ArrayList.forEach(ArrayList.java:1596)
... Removed 28 stack frames]]>
    </failure>
  </testcase> <!-- TC_KH_02 -->
  <testcase classname="tests.AdminCustomerTest" name="TC_KH_03" time="0.254"/>
  <testcase classname="tests.AdminCustomerTest" name="TC_KH_04" time="2.275"/>
  <testcase classname="tests.AdminCustomerTest" name="TC_KH_05" time="0.234"/>
  <testcase classname="tests.AdminCustomerTest" name="TC_KH_06" time="0.26"/>
  <testcase classname="tests.AdminCustomerTest" name="TC_KH_07" time="2.251"/>
  <testcase classname="tests.AdminCustomerTest" name="TC_KH_08" time="2.265"/>
  <testcase classname="tests.AdminCustomerTest" name="TC_KH_09" time="2.248"/>
  <testcase classname="tests.AdminProductTest" name="TC_SP_01" time="3.0"/>
  <testcase classname="tests.AdminProductTest" name="TC_SP_02" time="7.963"/>
  <testcase classname="tests.AdminProductTest" name="TC_SP_03" time="0.936"/>
  <testcase classname="tests.AdminProductTest" name="TC_SP_04" time="3.114"/>
  <testcase classname="tests.AdminProductTest" name="TC_SP_05" time="0.98"/>
  <testcase classname="tests.AdminProductTest" name="TC_SP_06" time="0.993"/>
  <testcase classname="tests.AdminProductTest" name="TC_SP_07" time="0.971"/>
  <testcase classname="tests.AdminProductTest" name="TC_SP_08" time="0.995"/>
  <testcase classname="tests.AdminProductTest" name="TC_SP_09" time="1.033"/>
  <testcase classname="tests.AdminProductTest" name="TC_SP_10" time="3.034"/>
  <testcase classname="tests.AdminProductTest" name="TC_SP_11" time="2.97"/>
  <testcase classname="tests.AdminProductTest" name="TC_SP_12" time="3.045"/>
  <testcase classname="tests.AdminProductTest" name="TC_SP_13" time="2.981"/>
  <testcase classname="tests.AdminProductTest" name="TC_SP_14" time="3.621"/>
  <testcase classname="tests.AdminProductTest" name="TC_SP_15" time="2.971"/>
  <testcase classname="tests.AdminProductTest" name="TC_SP_16" time="0.912"/>
  <testcase classname="tests.AdminProductTest" name="TC_SP_17" time="2.951"/>
  <testcase classname="tests.AdminProductTest" name="TC_SP_18" time="0.945"/>
  <testcase classname="tests.AdminProductTest" name="TC_SP_19" time="2.957"/>
  <testcase classname="tests.LoginTest" name="TC_DN_01" time="0.151"/>
  <testcase classname="tests.LoginTest" name="TC_DN_02" time="0.158"/>
  <testcase classname="tests.LoginTest" name="TC_DN_03" time="0.113"/>
  <testcase classname="tests.LoginTest" name="TC_DN_04" time="0.162"/>
  <testcase classname="tests.LoginTest" name="TC_DN_05" time="0.147"/>
  <testcase classname="tests.RegisterTest" name="TC_DK_01" time="0.322">
    <failure type="java.lang.AssertionError" message="Mong đợi thông báo đăng ký thành công expected [true] but found [false]">
      <![CDATA[java.lang.AssertionError: Mong đợi thông báo đăng ký thành công expected [true] but found [false]
at core.ReportAssert.assertContainsAnyVi(ReportAssert.java:43)
at tests.RegisterTest.TC_DK_01(RegisterTest.java:29)
at java.base/java.util.ArrayList.forEach(ArrayList.java:1596)
... Removed 28 stack frames]]>
    </failure>
  </testcase> <!-- TC_DK_01 -->
  <testcase classname="tests.RegisterTest" name="TC_DK_02" time="0.337"/>
  <testcase classname="tests.RegisterTest" name="TC_DK_03" time="0.277">
    <failure type="java.lang.AssertionError" message="Mong đợi thông báo đăng ký thành công khi email null expected [true] but found [false]">
      <![CDATA[java.lang.AssertionError: Mong đợi thông báo đăng ký thành công khi email null expected [true] but found [false]
at core.ReportAssert.assertContainsAnyVi(ReportAssert.java:43)
at tests.RegisterTest.TC_DK_03(RegisterTest.java:56)
at java.base/java.util.ArrayList.forEach(ArrayList.java:1596)
... Removed 28 stack frames]]>
    </failure>
  </testcase> <!-- TC_DK_03 -->
  <testcase classname="tests.RegisterTest" name="TC_DK_04" time="0.31"/>
  <testcase classname="tests.RegisterTest" name="TC_DK_05" time="0.29">
    <failure type="java.lang.AssertionError" message="Mong đợi đăng ký thành công expected [true] but found [false]">
      <![CDATA[java.lang.AssertionError: Mong đợi đăng ký thành công expected [true] but found [false]
at core.ReportAssert.assertContainsAnyVi(ReportAssert.java:43)
at tests.RegisterTest.TC_DK_05(RegisterTest.java:82)
at java.base/java.util.ArrayList.forEach(ArrayList.java:1596)
... Removed 28 stack frames]]>
    </failure>
  </testcase> <!-- TC_DK_05 -->
  <testcase classname="tests.RegisterTest" name="TC_DK_06" time="0.309"/>
  <testcase classname="tests.RegisterTest" name="TC_DK_07" time="0.262"/>
  <testcase classname="tests.RegisterTest" name="TC_DK_08" time="0.208"/>
  <testcase classname="tests.RegisterTest" name="TC_DK_09" time="0.204"/>
  <testcase classname="tests.RegisterTest" name="TC_DK_10" time="0.254"/>
  <testcase classname="tests.RegisterTest" name="TC_DK_11" time="0.209"/>
  <testcase classname="tests.SearchFilterTest" name="TC_TK_01" time="11.594">
    <failure type="org.openqa.selenium.TimeoutException" message="Expected condition failed: waiting for visibility of element located by By.id: price-from (tried for 10 second(s) with 500 milliseconds interval)
Build info: version: &amp;apos;4.26.0&amp;apos;, revision: &amp;apos;8ccf0219d7&amp;apos;
System info: os.name: &amp;apos;Windows 11&amp;apos;, os.arch: &amp;apos;amd64&amp;apos;, os.version: &amp;apos;10.0&amp;apos;, java.version: &amp;apos;21.0.11&amp;apos;
Driver info: org.openqa.selenium.chrome.ChromeDriver
Capabilities {acceptInsecureCerts: false, browserName: chrome, browserVersion: 144.0.7559.97, chrome: {chromedriverVersion: 144.0.7559.133 (7da823b1d59..., userDataDir: C:\WINDOWS\SystemTemp\scope...}, fedcm:accounts: true, goog:chromeOptions: {debuggerAddress: localhost:51520}, goog:processID: 2124, networkConnectionEnabled: false, pageLoadStrategy: normal, platformName: windows, proxy: Proxy(), se:cdp: ws://localhost:51520/devtoo..., se:cdpVersion: 144.0.7559.97, setWindowRect: true, strictFileInteractability: false, timeouts: {implicit: 0, pageLoad: 300000, script: 30000}, unhandledPromptBehavior: dismiss and notify, webauthn:extension:credBlob: true, webauthn:extension:largeBlob: true, webauthn:extension:minPinLength: true, webauthn:extension:prf: true, webauthn:virtualAuthenticators: true}
Session ID: 5455190ede6a01016e493b411b28143e">
      <![CDATA[org.openqa.selenium.TimeoutException: Expected condition failed: waiting for visibility of element located by By.id: price-from (tried for 10 second(s) with 500 milliseconds interval)
Build info: version: '4.26.0', revision: '8ccf0219d7'
System info: os.name: 'Windows 11', os.arch: 'amd64', os.version: '10.0', java.version: '21.0.11'
Driver info: org.openqa.selenium.chrome.ChromeDriver
Capabilities {acceptInsecureCerts: false, browserName: chrome, browserVersion: 144.0.7559.97, chrome: {chromedriverVersion: 144.0.7559.133 (7da823b1d59..., userDataDir: C:\WINDOWS\SystemTemp\scope...}, fedcm:accounts: true, goog:chromeOptions: {debuggerAddress: localhost:51520}, goog:processID: 2124, networkConnectionEnabled: false, pageLoadStrategy: normal, platformName: windows, proxy: Proxy(), se:cdp: ws://localhost:51520/devtoo..., se:cdpVersion: 144.0.7559.97, setWindowRect: true, strictFileInteractability: false, timeouts: {implicit: 0, pageLoad: 300000, script: 30000}, unhandledPromptBehavior: dismiss and notify, webauthn:extension:credBlob: true, webauthn:extension:largeBlob: true, webauthn:extension:minPinLength: true, webauthn:extension:prf: true, webauthn:virtualAuthenticators: true}
Session ID: 5455190ede6a01016e493b411b28143e
at org.openqa.selenium.support.ui.WebDriverWait.timeoutException(WebDriverWait.java:84)
at org.openqa.selenium.support.ui.FluentWait.until(FluentWait.java:228)
at pages.SearchPage.enterPriceFrom(SearchPage.java:49)
at tests.SearchFilterTest.TC_TK_01(SearchFilterTest.java:25)
at java.base/java.util.ArrayList.forEach(ArrayList.java:1596)
... Removed 25 stack frames]]>
    </failure>
  </testcase> <!-- TC_TK_01 -->
  <testcase classname="tests.SearchFilterTest" name="TC_TK_02" time="11.674">
    <failure type="org.openqa.selenium.TimeoutException" message="Expected condition failed: waiting for visibility of element located by By.id: price-from (tried for 10 second(s) with 500 milliseconds interval)
Build info: version: &amp;apos;4.26.0&amp;apos;, revision: &amp;apos;8ccf0219d7&amp;apos;
System info: os.name: &amp;apos;Windows 11&amp;apos;, os.arch: &amp;apos;amd64&amp;apos;, os.version: &amp;apos;10.0&amp;apos;, java.version: &amp;apos;21.0.11&amp;apos;
Driver info: org.openqa.selenium.chrome.ChromeDriver
Capabilities {acceptInsecureCerts: false, browserName: chrome, browserVersion: 144.0.7559.97, chrome: {chromedriverVersion: 144.0.7559.133 (7da823b1d59..., userDataDir: C:\WINDOWS\SystemTemp\scope...}, fedcm:accounts: true, goog:chromeOptions: {debuggerAddress: localhost:53651}, goog:processID: 21172, networkConnectionEnabled: false, pageLoadStrategy: normal, platformName: windows, proxy: Proxy(), se:cdp: ws://localhost:53651/devtoo..., se:cdpVersion: 144.0.7559.97, setWindowRect: true, strictFileInteractability: false, timeouts: {implicit: 0, pageLoad: 300000, script: 30000}, unhandledPromptBehavior: dismiss and notify, webauthn:extension:credBlob: true, webauthn:extension:largeBlob: true, webauthn:extension:minPinLength: true, webauthn:extension:prf: true, webauthn:virtualAuthenticators: true}
Session ID: de074c5f5e1085cb5679812772aac849">
      <![CDATA[org.openqa.selenium.TimeoutException: Expected condition failed: waiting for visibility of element located by By.id: price-from (tried for 10 second(s) with 500 milliseconds interval)
Build info: version: '4.26.0', revision: '8ccf0219d7'
System info: os.name: 'Windows 11', os.arch: 'amd64', os.version: '10.0', java.version: '21.0.11'
Driver info: org.openqa.selenium.chrome.ChromeDriver
Capabilities {acceptInsecureCerts: false, browserName: chrome, browserVersion: 144.0.7559.97, chrome: {chromedriverVersion: 144.0.7559.133 (7da823b1d59..., userDataDir: C:\WINDOWS\SystemTemp\scope...}, fedcm:accounts: true, goog:chromeOptions: {debuggerAddress: localhost:53651}, goog:processID: 21172, networkConnectionEnabled: false, pageLoadStrategy: normal, platformName: windows, proxy: Proxy(), se:cdp: ws://localhost:53651/devtoo..., se:cdpVersion: 144.0.7559.97, setWindowRect: true, strictFileInteractability: false, timeouts: {implicit: 0, pageLoad: 300000, script: 30000}, unhandledPromptBehavior: dismiss and notify, webauthn:extension:credBlob: true, webauthn:extension:largeBlob: true, webauthn:extension:minPinLength: true, webauthn:extension:prf: true, webauthn:virtualAuthenticators: true}
Session ID: de074c5f5e1085cb5679812772aac849
at org.openqa.selenium.support.ui.WebDriverWait.timeoutException(WebDriverWait.java:84)
at org.openqa.selenium.support.ui.FluentWait.until(FluentWait.java:228)
at pages.SearchPage.enterPriceFrom(SearchPage.java:49)
at tests.SearchFilterTest.TC_TK_02(SearchFilterTest.java:41)
at java.base/java.util.ArrayList.forEach(ArrayList.java:1596)
... Removed 25 stack frames]]>
    </failure>
  </testcase> <!-- TC_TK_02 -->
  <testcase classname="tests.SearchFilterTest" name="TC_TK_03" time="11.647">
    <failure type="org.openqa.selenium.TimeoutException" message="Expected condition failed: waiting for visibility of element located by By.id: price-from (tried for 10 second(s) with 500 milliseconds interval)
Build info: version: &amp;apos;4.26.0&amp;apos;, revision: &amp;apos;8ccf0219d7&amp;apos;
System info: os.name: &amp;apos;Windows 11&amp;apos;, os.arch: &amp;apos;amd64&amp;apos;, os.version: &amp;apos;10.0&amp;apos;, java.version: &amp;apos;21.0.11&amp;apos;
Driver info: org.openqa.selenium.chrome.ChromeDriver
Capabilities {acceptInsecureCerts: false, browserName: chrome, browserVersion: 144.0.7559.97, chrome: {chromedriverVersion: 144.0.7559.133 (7da823b1d59..., userDataDir: C:\WINDOWS\SystemTemp\scope...}, fedcm:accounts: true, goog:chromeOptions: {debuggerAddress: localhost:57403}, goog:processID: 7692, networkConnectionEnabled: false, pageLoadStrategy: normal, platformName: windows, proxy: Proxy(), se:cdp: ws://localhost:57403/devtoo..., se:cdpVersion: 144.0.7559.97, setWindowRect: true, strictFileInteractability: false, timeouts: {implicit: 0, pageLoad: 300000, script: 30000}, unhandledPromptBehavior: dismiss and notify, webauthn:extension:credBlob: true, webauthn:extension:largeBlob: true, webauthn:extension:minPinLength: true, webauthn:extension:prf: true, webauthn:virtualAuthenticators: true}
Session ID: 6862e48b9b40d208846af6975796b3fe">
      <![CDATA[org.openqa.selenium.TimeoutException: Expected condition failed: waiting for visibility of element located by By.id: price-from (tried for 10 second(s) with 500 milliseconds interval)
Build info: version: '4.26.0', revision: '8ccf0219d7'
System info: os.name: 'Windows 11', os.arch: 'amd64', os.version: '10.0', java.version: '21.0.11'
Driver info: org.openqa.selenium.chrome.ChromeDriver
Capabilities {acceptInsecureCerts: false, browserName: chrome, browserVersion: 144.0.7559.97, chrome: {chromedriverVersion: 144.0.7559.133 (7da823b1d59..., userDataDir: C:\WINDOWS\SystemTemp\scope...}, fedcm:accounts: true, goog:chromeOptions: {debuggerAddress: localhost:57403}, goog:processID: 7692, networkConnectionEnabled: false, pageLoadStrategy: normal, platformName: windows, proxy: Proxy(), se:cdp: ws://localhost:57403/devtoo..., se:cdpVersion: 144.0.7559.97, setWindowRect: true, strictFileInteractability: false, timeouts: {implicit: 0, pageLoad: 300000, script: 30000}, unhandledPromptBehavior: dismiss and notify, webauthn:extension:credBlob: true, webauthn:extension:largeBlob: true, webauthn:extension:minPinLength: true, webauthn:extension:prf: true, webauthn:virtualAuthenticators: true}
Session ID: 6862e48b9b40d208846af6975796b3fe
at org.openqa.selenium.support.ui.WebDriverWait.timeoutException(WebDriverWait.java:84)
at org.openqa.selenium.support.ui.FluentWait.until(FluentWait.java:228)
at pages.SearchPage.enterPriceFrom(SearchPage.java:49)
at tests.SearchFilterTest.TC_TK_03(SearchFilterTest.java:60)
at java.base/java.util.ArrayList.forEach(ArrayList.java:1596)
... Removed 25 stack frames]]>
    </failure>
  </testcase> <!-- TC_TK_03 -->
  <testcase classname="tests.SearchFilterTest" name="TC_TK_04" time="11.611">
    <failure type="org.openqa.selenium.TimeoutException" message="Expected condition failed: waiting for visibility of element located by By.id: price-from (tried for 10 second(s) with 500 milliseconds interval)
Build info: version: &amp;apos;4.26.0&amp;apos;, revision: &amp;apos;8ccf0219d7&amp;apos;
System info: os.name: &amp;apos;Windows 11&amp;apos;, os.arch: &amp;apos;amd64&amp;apos;, os.version: &amp;apos;10.0&amp;apos;, java.version: &amp;apos;21.0.11&amp;apos;
Driver info: org.openqa.selenium.chrome.ChromeDriver
Capabilities {acceptInsecureCerts: false, browserName: chrome, browserVersion: 144.0.7559.97, chrome: {chromedriverVersion: 144.0.7559.133 (7da823b1d59..., userDataDir: C:\WINDOWS\SystemTemp\scope...}, fedcm:accounts: true, goog:chromeOptions: {debuggerAddress: localhost:56464}, goog:processID: 18548, networkConnectionEnabled: false, pageLoadStrategy: normal, platformName: windows, proxy: Proxy(), se:cdp: ws://localhost:56464/devtoo..., se:cdpVersion: 144.0.7559.97, setWindowRect: true, strictFileInteractability: false, timeouts: {implicit: 0, pageLoad: 300000, script: 30000}, unhandledPromptBehavior: dismiss and notify, webauthn:extension:credBlob: true, webauthn:extension:largeBlob: true, webauthn:extension:minPinLength: true, webauthn:extension:prf: true, webauthn:virtualAuthenticators: true}
Session ID: 7708dceee5f90cad55deb1a09964d1f2">
      <![CDATA[org.openqa.selenium.TimeoutException: Expected condition failed: waiting for visibility of element located by By.id: price-from (tried for 10 second(s) with 500 milliseconds interval)
Build info: version: '4.26.0', revision: '8ccf0219d7'
System info: os.name: 'Windows 11', os.arch: 'amd64', os.version: '10.0', java.version: '21.0.11'
Driver info: org.openqa.selenium.chrome.ChromeDriver
Capabilities {acceptInsecureCerts: false, browserName: chrome, browserVersion: 144.0.7559.97, chrome: {chromedriverVersion: 144.0.7559.133 (7da823b1d59..., userDataDir: C:\WINDOWS\SystemTemp\scope...}, fedcm:accounts: true, goog:chromeOptions: {debuggerAddress: localhost:56464}, goog:processID: 18548, networkConnectionEnabled: false, pageLoadStrategy: normal, platformName: windows, proxy: Proxy(), se:cdp: ws://localhost:56464/devtoo..., se:cdpVersion: 144.0.7559.97, setWindowRect: true, strictFileInteractability: false, timeouts: {implicit: 0, pageLoad: 300000, script: 30000}, unhandledPromptBehavior: dismiss and notify, webauthn:extension:credBlob: true, webauthn:extension:largeBlob: true, webauthn:extension:minPinLength: true, webauthn:extension:prf: true, webauthn:virtualAuthenticators: true}
Session ID: 7708dceee5f90cad55deb1a09964d1f2
at org.openqa.selenium.support.ui.WebDriverWait.timeoutException(WebDriverWait.java:84)
at org.openqa.selenium.support.ui.FluentWait.until(FluentWait.java:228)
at pages.SearchPage.enterPriceFrom(SearchPage.java:49)
at tests.SearchFilterTest.TC_TK_04(SearchFilterTest.java:75)
at java.base/java.util.ArrayList.forEach(ArrayList.java:1596)
... Removed 25 stack frames]]>
    </failure>
  </testcase> <!-- TC_TK_04 -->
  <testcase classname="tests.SearchFilterTest" name="TC_TK_05" time="11.666">
    <failure type="org.openqa.selenium.TimeoutException" message="Expected condition failed: waiting for visibility of element located by By.id: price-from (tried for 10 second(s) with 500 milliseconds interval)
Build info: version: &amp;apos;4.26.0&amp;apos;, revision: &amp;apos;8ccf0219d7&amp;apos;
System info: os.name: &amp;apos;Windows 11&amp;apos;, os.arch: &amp;apos;amd64&amp;apos;, os.version: &amp;apos;10.0&amp;apos;, java.version: &amp;apos;21.0.11&amp;apos;
Driver info: org.openqa.selenium.chrome.ChromeDriver
Capabilities {acceptInsecureCerts: false, browserName: chrome, browserVersion: 144.0.7559.97, chrome: {chromedriverVersion: 144.0.7559.133 (7da823b1d59..., userDataDir: C:\WINDOWS\SystemTemp\scope...}, fedcm:accounts: true, goog:chromeOptions: {debuggerAddress: localhost:51212}, goog:processID: 15496, networkConnectionEnabled: false, pageLoadStrategy: normal, platformName: windows, proxy: Proxy(), se:cdp: ws://localhost:51212/devtoo..., se:cdpVersion: 144.0.7559.97, setWindowRect: true, strictFileInteractability: false, timeouts: {implicit: 0, pageLoad: 300000, script: 30000}, unhandledPromptBehavior: dismiss and notify, webauthn:extension:credBlob: true, webauthn:extension:largeBlob: true, webauthn:extension:minPinLength: true, webauthn:extension:prf: true, webauthn:virtualAuthenticators: true}
Session ID: 3bf5e20d7e353a8622470c1d7cd1ca9b">
      <![CDATA[org.openqa.selenium.TimeoutException: Expected condition failed: waiting for visibility of element located by By.id: price-from (tried for 10 second(s) with 500 milliseconds interval)
Build info: version: '4.26.0', revision: '8ccf0219d7'
System info: os.name: 'Windows 11', os.arch: 'amd64', os.version: '10.0', java.version: '21.0.11'
Driver info: org.openqa.selenium.chrome.ChromeDriver
Capabilities {acceptInsecureCerts: false, browserName: chrome, browserVersion: 144.0.7559.97, chrome: {chromedriverVersion: 144.0.7559.133 (7da823b1d59..., userDataDir: C:\WINDOWS\SystemTemp\scope...}, fedcm:accounts: true, goog:chromeOptions: {debuggerAddress: localhost:51212}, goog:processID: 15496, networkConnectionEnabled: false, pageLoadStrategy: normal, platformName: windows, proxy: Proxy(), se:cdp: ws://localhost:51212/devtoo..., se:cdpVersion: 144.0.7559.97, setWindowRect: true, strictFileInteractability: false, timeouts: {implicit: 0, pageLoad: 300000, script: 30000}, unhandledPromptBehavior: dismiss and notify, webauthn:extension:credBlob: true, webauthn:extension:largeBlob: true, webauthn:extension:minPinLength: true, webauthn:extension:prf: true, webauthn:virtualAuthenticators: true}
Session ID: 3bf5e20d7e353a8622470c1d7cd1ca9b
at org.openqa.selenium.support.ui.WebDriverWait.timeoutException(WebDriverWait.java:84)
at org.openqa.selenium.support.ui.FluentWait.until(FluentWait.java:228)
at pages.SearchPage.enterPriceFrom(SearchPage.java:49)
at tests.SearchFilterTest.TC_TK_05(SearchFilterTest.java:90)
at java.base/java.util.ArrayList.forEach(ArrayList.java:1596)
... Removed 25 stack frames]]>
    </failure>
  </testcase> <!-- TC_TK_05 -->
  <testcase classname="tests.SearchFilterTest" name="TC_TK_06" time="13.156"/>
  <testcase classname="tests.SearchFilterTest" name="TC_TK_07" time="1.626"/>
  <testcase classname="tests.SearchFilterTest" name="TC_TK_08" time="1.095"/>
</testsuite> <!-- All Tests -->
