<?xml version="1.0" encoding="UTF-8"?>
<!-- Generated by org.testng.reporters.JUnitReportReporter -->
<testsuite hostname="Jade" failures="0" tests="5" name="tests.LoginTest" time="10.779" errors="0" timestamp="2026-06-25T15:50:01 ICT" skipped="0">
  <testcase classname="tests.LoginTest" name="TC_DN_01" time="1.963"/>
  <testcase classname="tests.LoginTest" name="TC_DN_02" time="2.495"/>
  <testcase classname="tests.LoginTest" name="TC_DN_05" time="1.999"/>
  <testcase classname="tests.LoginTest" name="TC_DN_04" time="2.057"/>
  <testcase classname="tests.LoginTest" name="TC_DN_03" time="2.265"/>
</testsuite> <!-- tests.LoginTest -->
