<?xml version="1.0" encoding="UTF-8"?>
<!-- Generated by org.testng.reporters.JUnitReportReporter -->
<testsuite hostname="Jade" failures="0" tests="9" name="tests.AdminCustomerTest" time="99.243" errors="0" timestamp="2026-06-25T16:56:09 ICT" skipped="0">
  <testcase classname="tests.AdminCustomerTest" name="TC_KH_01" time="12.109"/>
  <testcase classname="tests.AdminCustomerTest" name="TC_KH_05" time="9.698"/>
  <testcase classname="tests.AdminCustomerTest" name="TC_KH_03" time="9.494"/>
  <testcase classname="tests.AdminCustomerTest" name="TC_KH_02" time="11.746"/>
  <testcase classname="tests.AdminCustomerTest" name="TC_KH_04" time="11.590"/>
  <testcase classname="tests.AdminCustomerTest" name="TC_KH_09" time="11.696"/>
  <testcase classname="tests.AdminCustomerTest" name="TC_KH_07" time="11.639"/>
  <testcase classname="tests.AdminCustomerTest" name="TC_KH_06" time="9.518"/>
  <testcase classname="tests.AdminCustomerTest" name="TC_KH_08" time="11.753"/>
</testsuite> <!-- tests.AdminCustomerTest -->
