<?xml version="1.0" encoding="UTF-8"?>
<!-- Generated by org.testng.reporters.JUnitReportReporter -->
<testsuite hostname="Jade" failures="0" tests="19" name="tests.AdminProductTest" time="227.065" errors="0" timestamp="2026-06-25T17:06:20 ICT" skipped="0">
  <testcase classname="tests.AdminProductTest" name="TC_SP_01" time="12.395"/>
  <testcase classname="tests.AdminProductTest" name="TC_SP_07" time="10.248"/>
  <testcase classname="tests.AdminProductTest" name="TC_SP_14" time="12.830"/>
  <testcase classname="tests.AdminProductTest" name="TC_SP_16" time="10.560"/>
  <testcase classname="tests.AdminProductTest" name="TC_SP_18" time="10.368"/>
  <testcase classname="tests.AdminProductTest" name="TC_SP_09" time="10.482"/>
  <testcase classname="tests.AdminProductTest" name="TC_SP_06" time="10.358"/>
  <testcase classname="tests.AdminProductTest" name="TC_SP_08" time="11.090"/>
  <testcase classname="tests.AdminProductTest" name="TC_SP_10" time="12.346"/>
  <testcase classname="tests.AdminProductTest" name="TC_SP_11" time="12.508"/>
  <testcase classname="tests.AdminProductTest" name="TC_SP_13" time="13.689"/>
  <testcase classname="tests.AdminProductTest" name="TC_SP_19" time="12.233"/>
  <testcase classname="tests.AdminProductTest" name="TC_SP_05" time="10.263"/>
  <testcase classname="tests.AdminProductTest" name="TC_SP_15" time="12.316"/>
  <testcase classname="tests.AdminProductTest" name="TC_SP_17" time="12.342"/>
  <testcase classname="tests.AdminProductTest" name="TC_SP_04" time="12.573"/>
  <testcase classname="tests.AdminProductTest" name="TC_SP_02" time="17.585"/>
  <testcase classname="tests.AdminProductTest" name="TC_SP_03" time="10.329"/>
  <testcase classname="tests.AdminProductTest" name="TC_SP_12" time="12.550"/>
</testsuite> <!-- tests.AdminProductTest -->
